0 info it worked if it ends with ok
1 verbose cli [ 'C:\\Program Files (x86)\\Nodist\\v-x64\\nodev5.9.0\\node.exe',
1 verbose cli   'C:\\Program Files (x86)\\Nodist\\bin\\node_modules\\npm\\bin\\npm-cli.js',
1 verbose cli   'run',
1 verbose cli   'server' ]
2 info using npm@3.7.5
3 info using node@v5.9.0
4 verbose run-script [ 'preserver', 'server', 'postserver' ]
5 info lifecycle isomorphic-test@1.0.0~preserver: isomorphic-test@1.0.0
6 silly lifecycle isomorphic-test@1.0.0~preserver: no script for preserver, continuing
7 info lifecycle isomorphic-test@1.0.0~server: isomorphic-test@1.0.0
8 verbose lifecycle isomorphic-test@1.0.0~server: unsafe-perm in lifecycle true
9 verbose lifecycle isomorphic-test@1.0.0~server: PATH: C:\Program Files (x86)\Nodist\bin\node_modules\npm\bin\node-gyp-bin;C:\dev\project_root\node_modules\.bin;C:\Program Files (x86)\Nodist\v-x64\nodev5.9.0;C:\Program Files\PostgreSQL\9.5\bin;C:\Qt\Qt5.4.2\5.4\mingw491_32\bin;C:\Python27\;C:\Python27\Scripts;C:\ProgramData\Oracle\Java\javapath;C:\Windows\system32;C:\Windows;C:\Windows\System32\Wbem;C:\FCIV\;C:\Program Files (x86)\Windows Kits\8.1\Windows Performance Toolkit\;C:\Program Files\Microsoft SQL Server\110\Tools\Binn\;C:\Program Files (x86)\Microsoft SDKs\TypeScript\1.0\;C:\Program Files\Microsoft SQL Server\120\Tools\Binn\;C:\Windows\System32\WindowsPowerShell\v1.0\;%JAVA_HOME%\bin;C:\Program Files (x86)\Android\android-sdk\tools;C:\Program Files (x86)\Android\android-sdk\platform-tools;C:\apache-ant-1.9.3\bin;C:\Windows\System32\WindowsPowerShell\v1.0\;C:\Windows\system32\config\systemprofile\.dnx\bin;C:\Program Files\Microsoft DNX\Dnvm\;C:\Program Files (x86)\Brackets\command;C:\Program Files\Microsoft\Web Platform Installer\;C:\Strawberry\c\bin;C:\Strawberry\perl\site\bin;C:\Strawberry\perl\bin;C:\Program Files (x86)\Skype\Phone\;C:\Program Files\Git\cmd;C:\Program Files\PostgreSQL\9.5\bin;C:\cygwin64\bin;C:\php;C:\Users\Stefan\AppData\Local\atom\bin;C:\Program Files\Docker Toolbox;C:\Program Files (x86)\Nodist\bin
10 verbose lifecycle isomorphic-test@1.0.0~server: CWD: C:\dev\project_root
11 silly lifecycle isomorphic-test@1.0.0~server: Args: [ '/d /s /c', 'node transpiled/server.js' ]
12 silly lifecycle isomorphic-test@1.0.0~server: Returned: code: 1  signal: null
13 info lifecycle isomorphic-test@1.0.0~server: Failed to exec server script
14 verbose stack Error: isomorphic-test@1.0.0 server: `node transpiled/server.js`
14 verbose stack Exit status 1
14 verbose stack     at EventEmitter.<anonymous> (C:\Program Files (x86)\Nodist\bin\node_modules\npm\lib\utils\lifecycle.js:239:16)
14 verbose stack     at emitTwo (events.js:100:13)
14 verbose stack     at EventEmitter.emit (events.js:185:7)
14 verbose stack     at ChildProcess.<anonymous> (C:\Program Files (x86)\Nodist\bin\node_modules\npm\lib\utils\spawn.js:24:14)
14 verbose stack     at emitTwo (events.js:100:13)
14 verbose stack     at ChildProcess.emit (events.js:185:7)
14 verbose stack     at maybeClose (internal/child_process.js:850:16)
14 verbose stack     at Process.ChildProcess._handle.onexit (internal/child_process.js:215:5)
15 verbose pkgid isomorphic-test@1.0.0
16 verbose cwd C:\dev\project_root
17 error Windows_NT 6.1.7601
18 error argv "C:\\Program Files (x86)\\Nodist\\v-x64\\nodev5.9.0\\node.exe" "C:\\Program Files (x86)\\Nodist\\bin\\node_modules\\npm\\bin\\npm-cli.js" "run" "server"
19 error node v5.9.0
20 error npm  v3.7.5
21 error code ELIFECYCLE
22 error isomorphic-test@1.0.0 server: `node transpiled/server.js`
22 error Exit status 1
23 error Failed at the isomorphic-test@1.0.0 server script 'node transpiled/server.js'.
23 error Make sure you have the latest version of node.js and npm installed.
23 error If you do, this is most likely a problem with the isomorphic-test package,
23 error not with npm itself.
23 error Tell the author that this fails on your system:
23 error     node transpiled/server.js
23 error You can get information on how to open an issue for this project with:
23 error     npm bugs isomorphic-test
23 error Or if that isn't available, you can get their info via:
23 error     npm owner ls isomorphic-test
23 error There is likely additional logging output above.
24 verbose exit [ 1, true ]
